  main.c
D:\repository\AudioPlayer\AudioPlayer\main.c(47,76): warning C4133: функция: несовместимые типы - из "sfFloatRect *" в "const sfIntRect *"
D:\repository\AudioPlayer\AudioPlayer\main.c(51,82): warning C4133: функция: несовместимые типы - из "sfFloatRect *" в "const sfIntRect *"
D:\repository\AudioPlayer\AudioPlayer\main.c(56,78): warning C4133: функция: несовместимые типы - из "sfFloatRect *" в "const sfIntRect *"
D:\repository\AudioPlayer\AudioPlayer\main.c(60,84): warning C4133: функция: несовместимые типы - из "sfFloatRect *" в "const sfIntRect *"
D:\repository\AudioPlayer\AudioPlayer\main.c(65,78): warning C4133: функция: несовместимые типы - из "sfFloatRect *" в "const sfIntRect *"
D:\repository\AudioPlayer\AudioPlayer\main.c(69,84): warning C4133: функция: несовместимые типы - из "sfFloatRect *" в "const sfIntRect *"
D:\repository\AudioPlayer\AudioPlayer\main.c(74,76): warning C4133: функция: несовместимые типы - из "sfFloatRect *" в "const sfIntRect *"
D:\repository\AudioPlayer\AudioPlayer\main.c(78,82): warning C4133: функция: несовместимые типы - из "sfFloatRect *" в "const sfIntRect *"
D:\repository\AudioPlayer\AudioPlayer\main.c(83,78): warning C4133: функция: несовместимые типы - из "sfFloatRect *" в "const sfIntRect *"
D:\repository\AudioPlayer\AudioPlayer\main.c(87,84): warning C4133: функция: несовместимые типы - из "sfFloatRect *" в "const sfIntRect *"
D:\repository\AudioPlayer\AudioPlayer\main.c(92,77): warning C4133: функция: несовместимые типы - из "sfFloatRect *" в "const sfIntRect *"
D:\repository\AudioPlayer\AudioPlayer\main.c(96,84): warning C4133: функция: несовместимые типы - из "sfFloatRect *" в "const sfIntRect *"
D:\repository\AudioPlayer\AudioPlayer\main.c(101,76): warning C4133: функция: несовместимые типы - из "sfFloatRect *" в "const sfIntRect *"
D:\repository\AudioPlayer\AudioPlayer\main.c(105,82): warning C4133: функция: несовместимые типы - из "sfFloatRect *" в "const sfIntRect *"
D:\repository\AudioPlayer\AudioPlayer\main.c(110,79): warning C4133: функция: несовместимые типы - из "sfFloatRect *" в "const sfIntRect *"
D:\repository\AudioPlayer\AudioPlayer\main.c(114,85): warning C4133: функция: несовместимые типы - из "sfFloatRect *" в "const sfIntRect *"
D:\repository\AudioPlayer\AudioPlayer\main.c(128,36): warning C4133: функция: несовместимые типы - из "sfRenderWindow *" в "const sfWindow *"
D:\repository\AudioPlayer\AudioPlayer\main.c(138,53): warning C4133: функция: несовместимые типы - из "sfRenderWindow *" в "const sfWindow *"
D:\repository\AudioPlayer\AudioPlayer\main.c(145,18): warning C4305: -=: усечение из "double" в "float"
D:\repository\AudioPlayer\AudioPlayer\main.c(154,18): warning C4305: +=: усечение из "double" в "float"
  AudioPlayer.vcxproj -> D:\repository\AudioPlayer\x64\Debug\AudioPlayer.exe
